mode: atomic
github.com/weathersource/go-bitflag/bitflag.go:7.35,8.26 1 6
github.com/weathersource/go-bitflag/bitflag.go:8.26,10.3 1 11
github.com/weathersource/go-bitflag/bitflag.go:14.37,15.26 1 2
github.com/weathersource/go-bitflag/bitflag.go:15.26,17.3 1 2
github.com/weathersource/go-bitflag/bitflag.go:21.41,22.26 1 12
github.com/weathersource/go-bitflag/bitflag.go:27.2,27.13 1 9
github.com/weathersource/go-bitflag/bitflag.go:22.26,23.15 1 19
github.com/weathersource/go-bitflag/bitflag.go:23.15,25.4 1 3
github.com/weathersource/go-bitflag/bitflag.go:31.41,32.26 1 3
github.com/weathersource/go-bitflag/bitflag.go:37.2,37.14 1 2
github.com/weathersource/go-bitflag/bitflag.go:32.26,33.14 1 6
github.com/weathersource/go-bitflag/bitflag.go:33.14,35.4 1 1
github.com/weathersource/go-bitflag/bitflag.go:41.24,43.2 1 2
